G("addr != 0" -> "addr == 0")
   support: 723
   support potential: 775
   confidence: 0.9329
G("addr != 0" -> "clk == 0")
   support: 338
   support potential: 390
   confidence: 0.86667
G("addr != 0" -> "clk == 1")
   support: 443
   support potential: 443
   confidence: 1
G("addr != 0" -> "data != 0")
   support: 737
   support potential: 777
   confidence: 0.94852
G("addr != 0" -> "data == 0")
   support: 728
   support potential: 778
   confidence: 0.93573
G("addr != 0" -> ex_insn_s14_false)
   support: 770
   support potential: 771
   confidence: 0.9987
G("addr != 0" -> "except_trig != 0")
   support: 728
   support potential: 780
   confidence: 0.93333
G("addr != 0" -> "except_trig == 0")
   support: 728
   support potential: 780
   confidence: 0.93333
G("addr != 0" -> "rst == 0")
   support: 728
   support potential: 780
   confidence: 0.93333
G("addr != 0" -> "rst == 1")
   support: 728
   support potential: 780
   confidence: 0.93333
G("addr != 0" -> "we != 1")
   support: 762
   support potential: 773
   confidence: 0.98577
G("addr != 0" -> "we == 1")
   support: 681
   support potential: 733
   confidence: 0.92906
G("addr == 0" -> "addr != 0")
   support: 723
   support potential: 729
   confidence: 0.99177
G("addr == 0" -> "clk == 0")
   support: 386
   support potential: 391
   confidence: 0.98721
G("addr == 0" -> "clk == 1")
   support: 395
   support potential: 396
   confidence: 0.99747
G("addr == 0" -> "data != 0")
   support: 759
   support potential: 765
   confidence: 0.99216
G("addr == 0" -> "data == 0")
   support: 776
   support potential: 779
   confidence: 0.99615
G("addr == 0" -> ex_insn_s14_false)
   support: 726
   support potential: 726
   confidence: 1
G("addr == 0" -> "except_trig != 0")
   support: 774
   support potential: 780
   confidence: 0.99231
G("addr == 0" -> "except_trig == 0")
   support: 776
   support potential: 781
   confidence: 0.9936
G("addr == 0" -> "rst == 0")
   support: 774
   support potential: 780
   confidence: 0.99231
G("addr == 0" -> "rst == 1")
   support: 776
   support potential: 781
   confidence: 0.9936
G("addr == 0" -> "we != 1")
   support: 736
   support potential: 737
   confidence: 0.99864
G("addr == 0" -> "we == 1")
   support: 727
   support potential: 733
   confidence: 0.99181
G("clk == 0" -> "except_trig == 0")
   support: 391
   support potential: 781
   confidence: 0.50064
G("clk == 0" -> "rst == 1")
   support: 391
   support potential: 781
   confidence: 0.50064
G("clk == 1" -> "addr != 0")
   support: 443
   support potential: 781
   confidence: 0.56722
G("clk == 1" -> "addr == 0")
   support: 395
   support potential: 780
   confidence: 0.50641
G("clk == 1" -> "data != 0")
   support: 407
   support potential: 781
   confidence: 0.52113
G("clk == 1" -> "data == 0")
   support: 394
   support potential: 780
   confidence: 0.50513
G("clk == 1" -> ex_insn_s14_false)
   support: 450
   support potential: 780
   confidence: 0.57692
G("clk == 1" -> "except_trig != 0")
   support: 392
   support potential: 781
   confidence: 0.50192
G("clk == 1" -> "except_trig == 0")
   support: 390
   support potential: 780
   confidence: 0.5
G("clk == 1" -> "rst == 0")
   support: 392
   support potential: 781
   confidence: 0.50192
G("clk == 1" -> "rst == 1")
   support: 390
   support potential: 780
   confidence: 0.5
G("clk == 1" -> "we != 1")
   support: 438
   support potential: 780
   confidence: 0.56154
G("clk == 1" -> "we == 1")
   support: 439
   support potential: 781
   confidence: 0.5621
G("data != 0" -> "addr != 0")
   support: 737
   support potential: 741
   confidence: 0.9946
G("data != 0" -> "addr == 0")
   support: 759
   support potential: 775
   confidence: 0.97935
G("data != 0" -> "clk == 0")
   support: 374
   support potential: 390
   confidence: 0.95897
G("data != 0" -> "clk == 1")
   support: 407
   support potential: 407
   confidence: 1
G("data != 0" -> "data == 0")
   support: 760
   support potential: 776
   confidence: 0.97938
G("data != 0" -> ex_insn_s14_false)
   support: 736
   support potential: 736
   confidence: 1
G("data != 0" -> "except_trig != 0")
   support: 764
   support potential: 780
   confidence: 0.97949
G("data != 0" -> "except_trig == 0")
   support: 764
   support potential: 780
   confidence: 0.97949
G("data != 0" -> "rst == 0")
   support: 764
   support potential: 780
   confidence: 0.97949
G("data != 0" -> "rst == 1")
   support: 764
   support potential: 780
   confidence: 0.97949
G("data != 0" -> "we != 1")
   support: 736
   support potential: 742
   confidence: 0.99191
G("data != 0" -> "we == 1")
   support: 717
   support potential: 733
   confidence: 0.97817
G("data == 0" -> "addr != 0")
   support: 728
   support potential: 731
   confidence: 0.9959
G("data == 0" -> "addr == 0")
   support: 776
   support potential: 778
   confidence: 0.99743
G("data == 0" -> "clk == 0")
   support: 387
   support potential: 391
   confidence: 0.98977
G("data == 0" -> "clk == 1")
   support: 394
   support potential: 395
   confidence: 0.99747
G("data == 0" -> "data != 0")
   support: 760
   support potential: 765
   confidence: 0.99346
G("data == 0" -> ex_insn_s14_false)
   support: 725
   support potential: 725
   confidence: 1
G("data == 0" -> "except_trig != 0")
   support: 775
   support potential: 780
   confidence: 0.99359
G("data == 0" -> "except_trig == 0")
   support: 777
   support potential: 781
   confidence: 0.99488
G("data == 0" -> "rst == 0")
   support: 775
   support potential: 780
   confidence: 0.99359
G("data == 0" -> "rst == 1")
   support: 777
   support potential: 781
   confidence: 0.99488
G("data == 0" -> "we != 1")
   support: 733
   support potential: 735
   confidence: 0.99728
G("data == 0" -> "we == 1")
   support: 728
   support potential: 733
   confidence: 0.99318
G(ex_insn_s14_false -> "addr != 0")
   support: 770
   support potential: 780
   confidence: 0.98718
G(ex_insn_s14_false -> "addr == 0")
   support: 726
   support potential: 781
   confidence: 0.92958
G(ex_insn_s14_false -> "clk == 0")
   support: 331
   support potential: 391
   confidence: 0.84655
G(ex_insn_s14_false -> "clk == 1")
   support: 450
   support potential: 451
   confidence: 0.99778
G(ex_insn_s14_false -> "data != 0")
   support: 736
   support potential: 781
   confidence: 0.94238
G(ex_insn_s14_false -> "data == 0")
   support: 725
   support potential: 781
   confidence: 0.9283
G(ex_insn_s14_false -> "except_trig != 0")
   support: 719
   support potential: 780
   confidence: 0.92179
G(ex_insn_s14_false -> "except_trig == 0")
   support: 721
   support potential: 781
   confidence: 0.92318
G(ex_insn_s14_false -> "rst == 0")
   support: 719
   support potential: 780
   confidence: 0.92179
G(ex_insn_s14_false -> "rst == 1")
   support: 721
   support potential: 781
   confidence: 0.92318
G(ex_insn_s14_false -> "we != 1")
   support: 769
   support potential: 781
   confidence: 0.98464
G(ex_insn_s14_false -> "we == 1")
   support: 672
   support potential: 733
   confidence: 0.91678
G("except_trig != 0" -> "addr != 0")
   support: 728
   support potential: 729
   confidence: 0.99863
G("except_trig != 0" -> "addr == 0")
   support: 774
   support potential: 775
   confidence: 0.99871
G("except_trig != 0" -> "clk == 0")
   support: 389
   support potential: 390
   confidence: 0.99744
G("except_trig != 0" -> "clk == 1")
   support: 392
   support potential: 392
   confidence: 1
G("except_trig != 0" -> "data != 0")
   support: 764
   support potential: 765
   confidence: 0.99869
G("except_trig != 0" -> "data == 0")
   support: 775
   support potential: 776
   confidence: 0.99871
G("except_trig != 0" -> ex_insn_s14_false)
   support: 719
   support potential: 720
   confidence: 0.99861
G("except_trig != 0" -> "except_trig == 0")
   support: 779
   support potential: 780
   confidence: 0.99872
G("except_trig != 0" -> "rst == 0")
   support: 779
   support potential: 780
   confidence: 0.99872
G("except_trig != 0" -> "rst == 1")
   support: 779
   support potential: 780
   confidence: 0.99872
G("except_trig != 0" -> "we != 1")
   support: 731
   support potential: 732
   confidence: 0.99863
G("except_trig != 0" -> "we == 1")
   support: 732
   support potential: 733
   confidence: 0.99864
G("except_trig == 0" -> "addr != 0")
   support: 728
   support potential: 729
   confidence: 0.99863
G("except_trig == 0" -> "addr == 0")
   support: 776
   support potential: 776
   confidence: 1
G("except_trig == 0" -> "clk == 0")
   support: 391
   support potential: 391
   confidence: 1
G("except_trig == 0" -> "clk == 1")
   support: 390
   support potential: 391
   confidence: 0.99744
G("except_trig == 0" -> "data != 0")
   support: 764
   support potential: 765
   confidence: 0.99869
G("except_trig == 0" -> "data == 0")
   support: 777
   support potential: 777
   confidence: 1
G("except_trig == 0" -> ex_insn_s14_false)
   support: 721
   support potential: 721
   confidence: 1
G("except_trig == 0" -> "except_trig != 0")
   support: 779
   support potential: 780
   confidence: 0.99872
G("except_trig == 0" -> "rst == 0")
   support: 779
   support potential: 780
   confidence: 0.99872
G("except_trig == 0" -> "rst == 1")
   support: 781
   support potential: 781
   confidence: 1
G("except_trig == 0" -> "we != 1")
   support: 733
   support potential: 733
   confidence: 1
G("except_trig == 0" -> "we == 1")
   support: 732
   support potential: 733
   confidence: 0.99864
G("rst == 0" -> "addr != 0")
   support: 728
   support potential: 729
   confidence: 0.99863
G("rst == 0" -> "addr == 0")
   support: 774
   support potential: 775
   confidence: 0.99871
G("rst == 0" -> "clk == 0")
   support: 389
   support potential: 390
   confidence: 0.99744
G("rst == 0" -> "clk == 1")
   support: 392
   support potential: 392
   confidence: 1
G("rst == 0" -> "data != 0")
   support: 764
   support potential: 765
   confidence: 0.99869
G("rst == 0" -> "data == 0")
   support: 775
   support potential: 776
   confidence: 0.99871
G("rst == 0" -> ex_insn_s14_false)
   support: 719
   support potential: 720
   confidence: 0.99861
G("rst == 0" -> "except_trig != 0")
   support: 779
   support potential: 780
   confidence: 0.99872
G("rst == 0" -> "except_trig == 0")
   support: 779
   support potential: 780
   confidence: 0.99872
G("rst == 0" -> "rst == 1")
   support: 779
   support potential: 780
   confidence: 0.99872
G("rst == 0" -> "we != 1")
   support: 731
   support potential: 732
   confidence: 0.99863
G("rst == 0" -> "we == 1")
   support: 732
   support potential: 733
   confidence: 0.99864
G("rst == 1" -> "addr != 0")
   support: 728
   support potential: 729
   confidence: 0.99863
G("rst == 1" -> "addr == 0")
   support: 776
   support potential: 776
   confidence: 1
G("rst == 1" -> "clk == 0")
   support: 391
   support potential: 391
   confidence: 1
G("rst == 1" -> "clk == 1")
   support: 390
   support potential: 391
   confidence: 0.99744
G("rst == 1" -> "data != 0")
   support: 764
   support potential: 765
   confidence: 0.99869
G("rst == 1" -> "data == 0")
   support: 777
   support potential: 777
   confidence: 1
G("rst == 1" -> ex_insn_s14_false)
   support: 721
   support potential: 721
   confidence: 1
G("rst == 1" -> "except_trig != 0")
   support: 779
   support potential: 780
   confidence: 0.99872
G("rst == 1" -> "except_trig == 0")
   support: 781
   support potential: 781
   confidence: 1
G("rst == 1" -> "rst == 0")
   support: 779
   support potential: 780
   confidence: 0.99872
G("rst == 1" -> "we != 1")
   support: 733
   support potential: 733
   confidence: 1
G("rst == 1" -> "we == 1")
   support: 732
   support potential: 733
   confidence: 0.99864
G("we != 1" -> "addr != 0")
   support: 762
   support potential: 770
   confidence: 0.98961
G("we != 1" -> "addr == 0")
   support: 736
   support potential: 780
   confidence: 0.94359
G("we != 1" -> "clk == 0")
   support: 343
   support potential: 391
   confidence: 0.87724
G("we != 1" -> "clk == 1")
   support: 438
   support potential: 439
   confidence: 0.99772
G("we != 1" -> "data != 0")
   support: 736
   support potential: 775
   confidence: 0.94968
G("we != 1" -> "data == 0")
   support: 733
   support potential: 779
   confidence: 0.94095
G("we != 1" -> ex_insn_s14_false)
   support: 769
   support potential: 769
   confidence: 1
G("we != 1" -> "except_trig != 0")
   support: 731
   support potential: 780
   confidence: 0.93718
G("we != 1" -> "except_trig == 0")
   support: 733
   support potential: 781
   confidence: 0.93854
G("we != 1" -> "rst == 0")
   support: 731
   support potential: 780
   confidence: 0.93718
G("we != 1" -> "rst == 1")
   support: 733
   support potential: 781
   confidence: 0.93854
G("we != 1" -> "we == 1")
   support: 684
   support potential: 733
   confidence: 0.93315
G("we == 1" -> "addr != 0")
   support: 681
   support potential: 729
   confidence: 0.93416
G("we == 1" -> "addr == 0")
   support: 727
   support potential: 775
   confidence: 0.93806
G("we == 1" -> "clk == 0")
   support: 342
   support potential: 390
   confidence: 0.87692
G("we == 1" -> "clk == 1")
   support: 439
   support potential: 439
   confidence: 1
G("we == 1" -> "data != 0")
   support: 717
   support potential: 765
   confidence: 0.93725
G("we == 1" -> "data == 0")
   support: 728
   support potential: 776
   confidence: 0.93814
G("we == 1" -> ex_insn_s14_false)
   support: 672
   support potential: 720
   confidence: 0.93333
G("we == 1" -> "except_trig != 0")
   support: 732
   support potential: 780
   confidence: 0.93846
G("we == 1" -> "except_trig == 0")
   support: 732
   support potential: 780
   confidence: 0.93846
G("we == 1" -> "rst == 0")
   support: 732
   support potential: 780
   confidence: 0.93846
G("we == 1" -> "rst == 1")
   support: 732
   support potential: 780
   confidence: 0.93846
G("we == 1" -> "we != 1")
   support: 684
   support potential: 732
   confidence: 0.93443
