G(("addr != 0" & "addr == 0") -> "data != 0")
   support: 32666
   support potential: 32666
   confidence: 1
G(("addr != 0" & "addr == 0") -> "data == 0")
   support: 161300
   support potential: 161300
   confidence: 1
G(("addr != 0" & "addr == 0") -> "we != 1")
   support: 82444
   support potential: 82444
   confidence: 1
G(("addr != 0" & "addr == 0") -> "we == 1")
   support: 111522
   support potential: 111522
   confidence: 1
G(("addr != 0" & "addr == 0") -> "data != 0")
   support: 32666
   support potential: 32666
   confidence: 1
G(("addr != 0" & "addr == 0") -> "data == 0")
   support: 161300
   support potential: 161300
   confidence: 1
G(("addr != 0" & "addr == 0") -> "we != 1")
   support: 82444
   support potential: 82444
   confidence: 1
G(("addr != 0" & "addr == 0") -> "we == 1")
   support: 111522
   support potential: 111522
   confidence: 1
G(("data != 0" & "data == 0") -> "addr != 0")
   support: 22850
   support potential: 22850
   confidence: 1
G(("data != 0" & "data == 0") -> "addr == 0")
   support: 171116
   support potential: 171116
   confidence: 1
G(("data != 0" & "data == 0") -> "we != 1")
   support: 82444
   support potential: 82444
   confidence: 1
G(("data != 0" & "data == 0") -> "we == 1")
   support: 111522
   support potential: 111522
   confidence: 1
G(("data != 0" & "data == 0") -> "addr != 0")
   support: 22850
   support potential: 22850
   confidence: 1
G(("data != 0" & "data == 0") -> "addr == 0")
   support: 171116
   support potential: 171116
   confidence: 1
G(("data != 0" & "data == 0") -> "we != 1")
   support: 82444
   support potential: 82444
   confidence: 1
G(("data != 0" & "data == 0") -> "we == 1")
   support: 111522
   support potential: 111522
   confidence: 1
G(("we != 1" & "we == 1") -> "addr != 0")
   support: 22850
   support potential: 22850
   confidence: 1
G(("we != 1" & "we == 1") -> "addr == 0")
   support: 171116
   support potential: 171116
   confidence: 1
G(("we != 1" & "we == 1") -> "data != 0")
   support: 32666
   support potential: 32666
   confidence: 1
G(("we != 1" & "we == 1") -> "data == 0")
   support: 161300
   support potential: 161300
   confidence: 1
G(("we != 1" & "we == 1") -> "addr != 0")
   support: 22850
   support potential: 22850
   confidence: 1
G(("we != 1" & "we == 1") -> "addr == 0")
   support: 171116
   support potential: 171116
   confidence: 1
G(("we != 1" & "we == 1") -> "data != 0")
   support: 32666
   support potential: 32666
   confidence: 1
G(("we != 1" & "we == 1") -> "data == 0")
   support: 161300
   support potential: 161300
   confidence: 1
